<?xml version="1.0" encoding="UTF-8"?>
<testsuite xmlns:xsi="http://www.w3.org/2001/XMLSchema-instance" xsi:noNamespaceSchemaLocation="https://maven.apache.org/surefire/maven-surefire-plugin/xsd/surefire-test-report.xsd" name="com.codebind.demo.AppTest" time="0.116" tests="1" errors="0" skipped="0" failures="0">
  <properties>
    <property name="java.specification.version" value="20"/>
    <property name="sun.jnu.encoding" value="UTF-8"/>
    <property name="java.class.path" value="/home/sukhmeetsingh/Desktop/first-maven-project/my-maven-project/target/test-classes:/home/sukhmeetsingh/Desktop/first-maven-project/my-maven-project/target/classes:/home/sukhmeetsingh/.m2/repository/junit/junit/4.11/junit-4.11.jar:/home/sukhmeetsingh/.m2/repository/org/hamcrest/hamcrest-core/1.3/hamcrest-core-1.3.jar:"/>
    <property name="java.vm.vendor" value="Red Hat, Inc."/>
    <property name="sun.arch.data.model" value="64"/>
    <property name="java.vendor.url" value="https://www.redhat.com/"/>
    <property name="os.name" value="Linux"/>
    <property name="java.vm.specification.version" value="20"/>
    <property name="sun.java.launcher" value="SUN_STANDARD"/>
    <property name="user.country" value="US"/>
    <property name="sun.boot.library.path" value="/usr/lib/jvm/java-20-openjdk-20.0.1.0.9-8.rolling.fc38.x86_64/lib"/>
    <property name="sun.java.command" value="/home/sukhmeetsingh/Desktop/first-maven-project/my-maven-project/target/surefire/surefirebooter10202730570961218758.jar /home/sukhmeetsingh/Desktop/first-maven-project/my-maven-project/target/surefire 2023-07-19T19-03-34_418-jvmRun1 surefire16464899002740691946tmp surefire_08000898261427244692tmp"/>
    <property name="jdk.debug" value="release"/>
    <property name="surefire.test.class.path" value="/home/sukhmeetsingh/Desktop/first-maven-project/my-maven-project/target/test-classes:/home/sukhmeetsingh/Desktop/first-maven-project/my-maven-project/target/classes:/home/sukhmeetsingh/.m2/repository/junit/junit/4.11/junit-4.11.jar:/home/sukhmeetsingh/.m2/repository/org/hamcrest/hamcrest-core/1.3/hamcrest-core-1.3.jar:"/>
    <property name="sun.cpu.endian" value="little"/>
    <property name="user.home" value="/home/sukhmeetsingh"/>
    <property name="user.language" value="en"/>
    <property name="java.specification.vendor" value="Oracle Corporation"/>
    <property name="java.version.date" value="2023-04-18"/>
    <property name="java.home" value="/usr/lib/jvm/java-20-openjdk-20.0.1.0.9-8.rolling.fc38.x86_64"/>
    <property name="file.separator" value="/"/>
    <property name="basedir" value="/home/sukhmeetsingh/Desktop/first-maven-project/my-maven-project"/>
    <property name="java.vm.compressedOopsMode" value="32-bit"/>
    <property name="line.separator" value="&#10;"/>
    <property name="java.specification.name" value="Java Platform API Specification"/>
    <property name="java.vm.specification.vendor" value="Oracle Corporation"/>
    <property name="surefire.real.class.path" value="/home/sukhmeetsingh/Desktop/first-maven-project/my-maven-project/target/surefire/surefirebooter10202730570961218758.jar"/>
    <property name="sun.management.compiler" value="HotSpot 64-Bit Tiered Compilers"/>
    <property name="java.runtime.version" value="20.0.1+9"/>
    <property name="user.name" value="sukhmeetsingh"/>
    <property name="stdout.encoding" value="UTF-8"/>
    <property name="path.separator" value=":"/>
    <property name="os.version" value="6.3.12-200.fc38.x86_64"/>
    <property name="java.runtime.name" value="OpenJDK Runtime Environment"/>
    <property name="file.encoding" value="UTF-8"/>
    <property name="java.vm.name" value="OpenJDK 64-Bit Server VM"/>
    <property name="java.vendor.version" value="(Red_Hat-20.0.1.0.9-2.rolling.fc38)"/>
    <property name="localRepository" value="/home/sukhmeetsingh/.m2/repository"/>
    <property name="java.vendor.url.bug" value="https://bugzilla.redhat.com/enter_bug.cgi?product=Fedora&amp;component=java-latest-openjdk-portable&amp;version=38"/>
    <property name="java.io.tmpdir" value="/tmp"/>
    <property name="java.version" value="20.0.1"/>
    <property name="user.dir" value="/home/sukhmeetsingh/Desktop/first-maven-project/my-maven-project"/>
    <property name="os.arch" value="amd64"/>
    <property name="java.vm.specification.name" value="Java Virtual Machine Specification"/>
    <property name="native.encoding" value="UTF-8"/>
    <property name="java.library.path" value="/usr/java/packages/lib:/usr/lib64:/lib64:/lib:/usr/lib"/>
    <property name="java.vm.info" value="mixed mode, sharing"/>
    <property name="stderr.encoding" value="UTF-8"/>
    <property name="java.vendor" value="Red Hat, Inc."/>
    <property name="java.vm.version" value="20.0.1+9"/>
    <property name="sun.io.unicode.encoding" value="UnicodeLittle"/>
    <property name="java.class.version" value="64.0"/>
  </properties>
  <testcase name="shouldAnswerWithTrue" classname="com.codebind.demo.AppTest" time="0.011"/>
</testsuite>